2019-05-17 20:36:46.985  INFO 11705 --- [restartedMain] cn.tishq.demo.DemoApplication            : Starting DemoApplication on aquan with PID 11705 (/home/hq/IdeaProjects/demo/target/classes started by hq in /home/hq/IdeaProjects/demo)
2019-05-17 20:36:47.011  INFO 11705 --- [restartedMain] cn.tishq.demo.DemoApplication            : No active profile set, falling back to default profiles: default
2019-05-17 20:36:47.113  INFO 11705 --- [restartedMain] .e.DevToolsPropertyDefaultsPostProcessor : Devtools property defaults active! Set 'spring.devtools.add-properties' to 'false' to disable
2019-05-17 20:36:47.116  INFO 11705 --- [restartedMain] .e.DevToolsPropertyDefaultsPostProcessor : For additional web related logging consider setting the 'logging.level.web' property to 'DEBUG'
2019-05-17 20:36:48.018  WARN 11705 --- [restartedMain] o.m.s.mapper.ClassPathMapperScanner      : No MyBatis mapper was found in '[cn.tishq.demo]' package. Please check your configuration.
2019-05-17 20:36:48.064  INFO 11705 --- [restartedMain] .s.d.r.c.RepositoryConfigurationDelegate : Multiple Spring Data modules found, entering strict repository configuration mode!
2019-05-17 20:36:48.064  INFO 11705 --- [restartedMain] .s.d.r.c.RepositoryConfigurationDelegate : Bootstrapping Spring Data repositories in DEFAULT mode.
2019-05-17 20:36:48.100  INFO 11705 --- [restartedMain] .s.d.r.c.RepositoryConfigurationDelegate : Finished Spring Data repository scanning in 30ms. Found 1 repository interfaces.
2019-05-17 20:36:48.110  INFO 11705 --- [restartedMain] .s.d.r.c.RepositoryConfigurationDelegate : Multiple Spring Data modules found, entering strict repository configuration mode!
2019-05-17 20:36:48.110  INFO 11705 --- [restartedMain] .s.d.r.c.RepositoryConfigurationDelegate : Bootstrapping Spring Data repositories in DEFAULT mode.
2019-05-17 20:36:48.119  INFO 11705 --- [restartedMain] .RepositoryConfigurationExtensionSupport : Spring Data Redis - Could not safely identify store assignment for repository candidate interface cn.tishq.demo.repository.UserRepository.
2019-05-17 20:36:48.119  INFO 11705 --- [restartedMain] .s.d.r.c.RepositoryConfigurationDelegate : Finished Spring Data repository scanning in 3ms. Found 0 repository interfaces.
2019-05-17 20:36:48.565  INFO 11705 --- [restartedMain] trationDelegate$BeanPostProcessorChecker : Bean 'org.springframework.transaction.annotation.ProxyTransactionManagementConfiguration' of type [org.springframework.transaction.annotation.ProxyTransactionManagementConfiguration$$EnhancerBySpringCGLIB$$c5ff2974] is not eligible for getting processed by all BeanPostProcessors (for example: not eligible for auto-proxying)
2019-05-17 20:36:48.597  INFO 11705 --- [restartedMain] trationDelegate$BeanPostProcessorChecker : Bean 'org.springframework.hateoas.config.HateoasConfiguration' of type [org.springframework.hateoas.config.HateoasConfiguration$$EnhancerBySpringCGLIB$$457f76a6] is not eligible for getting processed by all BeanPostProcessors (for example: not eligible for auto-proxying)
2019-05-17 20:36:48.948  INFO 11705 --- [restartedMain] o.s.b.w.embedded.tomcat.TomcatWebServer  : Tomcat initialized with port(s): 8080 (http)
2019-05-17 20:36:48.971  INFO 11705 --- [restartedMain] o.apache.catalina.core.StandardService   : Starting service [Tomcat]
2019-05-17 20:36:48.971  INFO 11705 --- [restartedMain] org.apache.catalina.core.StandardEngine  : Starting Servlet engine: [Apache Tomcat/9.0.17]
2019-05-17 20:36:49.058  INFO 11705 --- [restartedMain] o.a.c.c.C.[Tomcat].[localhost].[/]       : Initializing Spring embedded WebApplicationContext
2019-05-17 20:36:49.058  INFO 11705 --- [restartedMain] o.s.web.context.ContextLoader            : Root WebApplicationContext: initialization completed in 1932 ms
2019-05-17 20:36:49.435  INFO 11705 --- [restartedMain] com.zaxxer.hikari.HikariDataSource       : HikariPool-1 - Starting...
2019-05-17 20:36:50.127  INFO 11705 --- [restartedMain] com.zaxxer.hikari.HikariDataSource       : HikariPool-1 - Start completed.
2019-05-17 20:36:50.165  INFO 11705 --- [restartedMain] o.hibernate.jpa.internal.util.LogHelper  : HHH000204: Processing PersistenceUnitInfo [
	name: default
	...]
2019-05-17 20:36:50.212  INFO 11705 --- [restartedMain] org.hibernate.Version                    : HHH000412: Hibernate Core {5.3.9.Final}
2019-05-17 20:36:50.214  INFO 11705 --- [restartedMain] org.hibernate.cfg.Environment            : HHH000206: hibernate.properties not found
2019-05-17 20:36:50.294  INFO 11705 --- [restartedMain] o.hibernate.annotations.common.Version   : HCANN000001: Hibernate Commons Annotations {5.0.4.Final}
2019-05-17 20:36:50.371  INFO 11705 --- [restartedMain] org.hibernate.dialect.Dialect            : HHH000400: Using dialect: org.hibernate.dialect.MySQL5InnoDBDialect
2019-05-17 20:36:50.918  INFO 11705 --- [restartedMain] j.LocalContainerEntityManagerFactoryBean : Initialized JPA EntityManagerFactory for persistence unit 'default'
2019-05-17 20:36:51.030  INFO 11705 --- [restartedMain] o.s.b.d.a.OptionalLiveReloadServer       : LiveReload server is running on port 35729
2019-05-17 20:36:51.740  INFO 11705 --- [restartedMain] o.s.s.concurrent.ThreadPoolTaskExecutor  : Initializing ExecutorService 'applicationTaskExecutor'
2019-05-17 20:36:51.769  WARN 11705 --- [restartedMain] aWebConfiguration$JpaWebMvcConfiguration : spring.jpa.open-in-view is enabled by default. Therefore, database queries may be performed during view rendering. Explicitly configure spring.jpa.open-in-view to disable this warning
2019-05-17 20:36:52.215  INFO 11705 --- [restartedMain] io.searchbox.client.AbstractJestClient   : Setting server pool to a list of 1 servers: [http://localhost:9200]
2019-05-17 20:36:52.216  INFO 11705 --- [restartedMain] io.searchbox.client.JestClientFactory    : Using multi thread/connection supporting pooling connection manager
2019-05-17 20:36:52.256  INFO 11705 --- [restartedMain] io.searchbox.client.JestClientFactory    : Using custom GSON instance
2019-05-17 20:36:52.256  INFO 11705 --- [restartedMain] io.searchbox.client.JestClientFactory    : Node Discovery disabled...
2019-05-17 20:36:52.256  INFO 11705 --- [restartedMain] io.searchbox.client.JestClientFactory    : Idle connection reaping disabled...
2019-05-17 20:36:52.379  INFO 11705 --- [restartedMain] o.s.b.w.embedded.tomcat.TomcatWebServer  : Tomcat started on port(s): 8080 (http) with context path ''
2019-05-17 20:36:52.381  INFO 11705 --- [restartedMain] cn.tishq.demo.DemoApplication            : Started DemoApplication in 6.04 seconds (JVM running for 7.304)
2019-05-17 20:37:04.155  INFO 11705 --- [http-nio-8080-exec-1] o.a.c.c.C.[Tomcat].[localhost].[/]       : Initializing Spring DispatcherServlet 'dispatcherServlet'
2019-05-17 20:37:04.159  INFO 11705 --- [http-nio-8080-exec-1] o.s.web.servlet.DispatcherServlet        : Initializing Servlet 'dispatcherServlet'
2019-05-17 20:37:04.194  INFO 11705 --- [http-nio-8080-exec-1] o.s.web.servlet.DispatcherServlet        : Completed initialization in 35 ms
2019-05-17 20:37:17.839  INFO 11705 --- [http-nio-8080-exec-5] o.h.h.i.QueryTranslatorFactoryInitiator  : HHH000397: Using ASTQueryTranslatorFactory
2019-05-17 20:37:18.288  INFO 11705 --- [http-nio-8080-exec-5] io.lettuce.core.EpollProvider            : Starting without optional epoll library
2019-05-17 20:37:18.289  INFO 11705 --- [http-nio-8080-exec-5] io.lettuce.core.KqueueProvider           : Starting without optional kqueue library
2019-05-17 20:38:55.808  INFO 11705 --- [Thread-8] o.s.s.concurrent.ThreadPoolTaskExecutor  : Shutting down ExecutorService 'applicationTaskExecutor'
2019-05-17 20:38:55.810  INFO 11705 --- [Thread-8] j.LocalContainerEntityManagerFactoryBean : Closing JPA EntityManagerFactory for persistence unit 'default'
2019-05-17 20:38:55.817  INFO 11705 --- [Thread-8] com.zaxxer.hikari.HikariDataSource       : HikariPool-1 - Shutdown initiated...
2019-05-17 20:38:55.844  INFO 11705 --- [Thread-8] com.zaxxer.hikari.HikariDataSource       : HikariPool-1 - Shutdown completed.
