2019-06-04 21:40:58.697  INFO 17099 --- [restartedMain] c.t.springboot_login.DemoApplication     : Starting DemoApplication on aquan with PID 17099 (/home/hq/IdeaProjects/springboot_login/target/classes started by hq in /home/hq/IdeaProjects/springboot_login)
2019-06-04 21:40:58.704  INFO 17099 --- [restartedMain] c.t.springboot_login.DemoApplication     : No active profile set, falling back to default profiles: default
2019-06-04 21:40:58.786  INFO 17099 --- [restartedMain] .e.DevToolsPropertyDefaultsPostProcessor : Devtools property defaults active! Set 'spring.devtools.add-properties' to 'false' to disable
2019-06-04 21:40:58.787  INFO 17099 --- [restartedMain] .e.DevToolsPropertyDefaultsPostProcessor : For additional web related logging consider setting the 'logging.level.web' property to 'DEBUG'
2019-06-04 21:40:59.606  WARN 17099 --- [restartedMain] o.m.s.mapper.ClassPathMapperScanner      : No MyBatis mapper was found in '[cn.tishq.springboot_login]' package. Please check your configuration.
2019-06-04 21:40:59.685  INFO 17099 --- [restartedMain] .s.d.r.c.RepositoryConfigurationDelegate : Multiple Spring Data modules found, entering strict repository configuration mode!
2019-06-04 21:40:59.686  INFO 17099 --- [restartedMain] .s.d.r.c.RepositoryConfigurationDelegate : Bootstrapping Spring Data repositories in DEFAULT mode.
2019-06-04 21:40:59.776  INFO 17099 --- [restartedMain] .s.d.r.c.RepositoryConfigurationDelegate : Finished Spring Data repository scanning in 78ms. Found 1 repository interfaces.
2019-06-04 21:40:59.798  INFO 17099 --- [restartedMain] .s.d.r.c.RepositoryConfigurationDelegate : Multiple Spring Data modules found, entering strict repository configuration mode!
2019-06-04 21:40:59.800  INFO 17099 --- [restartedMain] .s.d.r.c.RepositoryConfigurationDelegate : Bootstrapping Spring Data repositories in DEFAULT mode.
2019-06-04 21:40:59.822  INFO 17099 --- [restartedMain] .RepositoryConfigurationExtensionSupport : Spring Data Redis - Could not safely identify store assignment for repository candidate interface cn.tishq.springboot_login.repository.UserRepository.
2019-06-04 21:40:59.823  INFO 17099 --- [restartedMain] .s.d.r.c.RepositoryConfigurationDelegate : Finished Spring Data repository scanning in 8ms. Found 0 repository interfaces.
2019-06-04 21:41:00.284  INFO 17099 --- [restartedMain] trationDelegate$BeanPostProcessorChecker : Bean 'org.springframework.transaction.annotation.ProxyTransactionManagementConfiguration' of type [org.springframework.transaction.annotation.ProxyTransactionManagementConfiguration$$EnhancerBySpringCGLIB$$fbb81602] is not eligible for getting processed by all BeanPostProcessors (for example: not eligible for auto-proxying)
2019-06-04 21:41:00.313  INFO 17099 --- [restartedMain] trationDelegate$BeanPostProcessorChecker : Bean 'org.springframework.hateoas.config.HateoasConfiguration' of type [org.springframework.hateoas.config.HateoasConfiguration$$EnhancerBySpringCGLIB$$7b386334] is not eligible for getting processed by all BeanPostProcessors (for example: not eligible for auto-proxying)
2019-06-04 21:41:00.712  INFO 17099 --- [restartedMain] o.s.b.w.embedded.tomcat.TomcatWebServer  : Tomcat initialized with port(s): 8080 (http)
2019-06-04 21:41:00.741  INFO 17099 --- [restartedMain] o.apache.catalina.core.StandardService   : Starting service [Tomcat]
2019-06-04 21:41:00.741  INFO 17099 --- [restartedMain] org.apache.catalina.core.StandardEngine  : Starting Servlet engine: [Apache Tomcat/9.0.17]
2019-06-04 21:41:00.812  INFO 17099 --- [restartedMain] o.a.c.c.C.[Tomcat].[localhost].[/]       : Initializing Spring embedded WebApplicationContext
2019-06-04 21:41:00.812  INFO 17099 --- [restartedMain] o.s.web.context.ContextLoader            : Root WebApplicationContext: initialization completed in 2025 ms
2019-06-04 21:41:01.202  INFO 17099 --- [restartedMain] com.zaxxer.hikari.HikariDataSource       : HikariPool-1 - Starting...
2019-06-04 21:41:01.959  INFO 17099 --- [restartedMain] com.zaxxer.hikari.HikariDataSource       : HikariPool-1 - Start completed.
2019-06-04 21:41:02.057  INFO 17099 --- [restartedMain] o.hibernate.jpa.internal.util.LogHelper  : HHH000204: Processing PersistenceUnitInfo [
	name: default
	...]
2019-06-04 21:41:02.159  INFO 17099 --- [restartedMain] org.hibernate.Version                    : HHH000412: Hibernate Core {5.3.9.Final}
2019-06-04 21:41:02.161  INFO 17099 --- [restartedMain] org.hibernate.cfg.Environment            : HHH000206: hibernate.properties not found
2019-06-04 21:41:02.300  INFO 17099 --- [restartedMain] o.hibernate.annotations.common.Version   : HCANN000001: Hibernate Commons Annotations {5.0.4.Final}
2019-06-04 21:41:02.415  INFO 17099 --- [restartedMain] org.hibernate.dialect.Dialect            : HHH000400: Using dialect: org.hibernate.dialect.MySQL5InnoDBDialect
2019-06-04 21:41:02.972  INFO 17099 --- [restartedMain] j.LocalContainerEntityManagerFactoryBean : Initialized JPA EntityManagerFactory for persistence unit 'default'
2019-06-04 21:41:03.086  INFO 17099 --- [restartedMain] o.s.b.d.a.OptionalLiveReloadServer       : LiveReload server is running on port 35729
2019-06-04 21:41:03.964  INFO 17099 --- [restartedMain] o.s.s.concurrent.ThreadPoolTaskExecutor  : Initializing ExecutorService 'applicationTaskExecutor'
2019-06-04 21:41:03.997  WARN 17099 --- [restartedMain] aWebConfiguration$JpaWebMvcConfiguration : spring.jpa.open-in-view is enabled by default. Therefore, database queries may be performed during view rendering. Explicitly configure spring.jpa.open-in-view to disable this warning
2019-06-04 21:41:04.642  INFO 17099 --- [restartedMain] io.searchbox.client.AbstractJestClient   : Setting server pool to a list of 1 servers: [http://localhost:9200]
2019-06-04 21:41:04.643  INFO 17099 --- [restartedMain] io.searchbox.client.JestClientFactory    : Using multi thread/connection supporting pooling connection manager
2019-06-04 21:41:04.687  INFO 17099 --- [restartedMain] io.searchbox.client.JestClientFactory    : Using custom GSON instance
2019-06-04 21:41:04.687  INFO 17099 --- [restartedMain] io.searchbox.client.JestClientFactory    : Node Discovery disabled...
2019-06-04 21:41:04.687  INFO 17099 --- [restartedMain] io.searchbox.client.JestClientFactory    : Idle connection reaping disabled...
2019-06-04 21:41:04.879  INFO 17099 --- [restartedMain] o.s.b.w.embedded.tomcat.TomcatWebServer  : Tomcat started on port(s): 8080 (http) with context path ''
2019-06-04 21:41:04.883  INFO 17099 --- [restartedMain] c.t.springboot_login.DemoApplication     : Started DemoApplication in 6.909 seconds (JVM running for 8.118)
2019-06-04 21:41:17.740  INFO 17099 --- [http-nio-8080-exec-1] o.a.c.c.C.[Tomcat].[localhost].[/]       : Initializing Spring DispatcherServlet 'dispatcherServlet'
2019-06-04 21:41:17.750  INFO 17099 --- [http-nio-8080-exec-1] o.s.web.servlet.DispatcherServlet        : Initializing Servlet 'dispatcherServlet'
2019-06-04 21:41:17.790  INFO 17099 --- [http-nio-8080-exec-1] o.s.web.servlet.DispatcherServlet        : Completed initialization in 40 ms
2019-06-04 21:41:26.030  INFO 17099 --- [http-nio-8080-exec-4] o.h.h.i.QueryTranslatorFactoryInitiator  : HHH000397: Using ASTQueryTranslatorFactory
2019-06-04 21:41:26.826  INFO 17099 --- [http-nio-8080-exec-4] io.lettuce.core.EpollProvider            : Starting without optional epoll library
2019-06-04 21:41:26.828  INFO 17099 --- [http-nio-8080-exec-4] io.lettuce.core.KqueueProvider           : Starting without optional kqueue library
2019-06-04 21:50:46.532  INFO 17099 --- [Thread-8] o.s.s.concurrent.ThreadPoolTaskExecutor  : Shutting down ExecutorService 'applicationTaskExecutor'
2019-06-04 21:50:46.534  INFO 17099 --- [Thread-8] j.LocalContainerEntityManagerFactoryBean : Closing JPA EntityManagerFactory for persistence unit 'default'
2019-06-04 21:50:46.542  INFO 17099 --- [Thread-8] com.zaxxer.hikari.HikariDataSource       : HikariPool-1 - Shutdown initiated...
2019-06-04 21:50:46.556  INFO 17099 --- [Thread-8] com.zaxxer.hikari.HikariDataSource       : HikariPool-1 - Shutdown completed.
